<?xml version="1.0" encoding="UTF-8"?>
<coverage generated="1662111611518" clover="3.2.0">
  <project timestamp="1662111611518" name="All files">
    <metrics statements="153" coveredstatements="150" conditionals="72" coveredconditionals="63" methods="5" coveredmethods="5" elements="230" coveredelements="218" complexity="0" loc="153" ncloc="153" packages="3" files="3" classes="3"/>
    <package name="number-to-words">
      <metrics statements="1" coveredstatements="1" conditionals="0" coveredconditionals="0" methods="0" coveredmethods="0"/>
      <file name="setupTests.js" path="/Users/apple/Sandor/Codecool/practices--jobhunt/assessment1_dina/number-to-words/setupTests.js">
        <metrics statements="1" coveredstatements="1" conditionals="0" coveredconditionals="0" methods="0" coveredmethods="0"/>
        <line num="1" count="1" type="stmt"/>
      </file>
    </package>
    <package name="number-to-words.src">
      <metrics statements="58" coveredstatements="56" conditionals="16" coveredconditionals="14" methods="4" coveredmethods="4"/>
      <file name="App.jsx" path="/Users/apple/Sandor/Codecool/practices--jobhunt/assessment1_dina/number-to-words/src/App.jsx">
        <metrics statements="58" coveredstatements="56" conditionals="16" coveredconditionals="14" methods="4" coveredmethods="4"/>
        <line num="1" count="1" type="stmt"/>
        <line num="2" count="1" type="stmt"/>
        <line num="3" count="1" type="stmt"/>
        <line num="4" count="1" type="stmt"/>
        <line num="5" count="84" type="cond" truecount="1" falsecount="0"/>
        <line num="6" count="84" type="stmt"/>
        <line num="7" count="84" type="stmt"/>
        <line num="8" count="84" type="stmt"/>
        <line num="9" count="84" type="stmt"/>
        <line num="10" count="84" type="stmt"/>
        <line num="11" count="84" type="cond" truecount="1" falsecount="0"/>
        <line num="12" count="62" type="stmt"/>
        <line num="13" count="62" type="cond" truecount="1" falsecount="0"/>
        <line num="14" count="62" type="cond" truecount="2" falsecount="0"/>
        <line num="15" count="62" type="cond" truecount="2" falsecount="0"/>
        <line num="16" count="62" type="cond" truecount="1" falsecount="1"/>
        <line num="17" count="0" type="stmt"/>
        <line num="18" count="62" type="cond" truecount="1" falsecount="0"/>
        <line num="19" count="62" type="cond" truecount="0" falsecount="1"/>
        <line num="20" count="0" type="stmt"/>
        <line num="21" count="62" type="cond" truecount="1" falsecount="0"/>
        <line num="22" count="54" type="stmt"/>
        <line num="23" count="84" type="stmt"/>
        <line num="24" count="84" type="cond" truecount="1" falsecount="0"/>
        <line num="25" count="1" type="stmt"/>
        <line num="26" count="1" type="stmt"/>
        <line num="27" count="1" type="stmt"/>
        <line num="28" count="1" type="stmt"/>
        <line num="29" count="1" type="stmt"/>
        <line num="30" count="84" type="stmt"/>
        <line num="31" count="84" type="stmt"/>
        <line num="32" count="84" type="stmt"/>
        <line num="33" count="84" type="stmt"/>
        <line num="34" count="84" type="stmt"/>
        <line num="35" count="84" type="stmt"/>
        <line num="36" count="84" type="stmt"/>
        <line num="37" count="84" type="stmt"/>
        <line num="38" count="84" type="cond" truecount="1" falsecount="0"/>
        <line num="39" count="84" type="cond" truecount="1" falsecount="0"/>
        <line num="40" count="84" type="stmt"/>
        <line num="41" count="84" type="stmt"/>
        <line num="42" count="84" type="stmt"/>
        <line num="43" count="84" type="stmt"/>
        <line num="44" count="84" type="stmt"/>
        <line num="45" count="84" type="cond" truecount="1" falsecount="0"/>
        <line num="46" count="1" type="stmt"/>
        <line num="47" count="84" type="stmt"/>
        <line num="48" count="84" type="stmt"/>
        <line num="49" count="84" type="stmt"/>
        <line num="50" count="84" type="stmt"/>
        <line num="51" count="84" type="stmt"/>
        <line num="52" count="84" type="stmt"/>
        <line num="53" count="84" type="stmt"/>
        <line num="54" count="84" type="stmt"/>
        <line num="55" count="84" type="stmt"/>
        <line num="56" count="84" type="stmt"/>
        <line num="57" count="84" type="stmt"/>
        <line num="58" count="1" type="stmt"/>
      </file>
    </package>
    <package name="number-to-words.src.utils">
      <metrics statements="94" coveredstatements="93" conditionals="56" coveredconditionals="49" methods="1" coveredmethods="1"/>
      <file name="convertLogic.js" path="/Users/apple/Sandor/Codecool/practices--jobhunt/assessment1_dina/number-to-words/src/utils/convertLogic.js">
        <metrics statements="94" coveredstatements="93" conditionals="56" coveredconditionals="49" methods="1" coveredmethods="1"/>
        <line num="1" count="1" type="stmt"/>
        <line num="2" count="1" type="stmt"/>
        <line num="3" count="1" type="stmt"/>
        <line num="4" count="1" type="stmt"/>
        <line num="5" count="1" type="cond" truecount="1" falsecount="0"/>
        <line num="6" count="25" type="stmt"/>
        <line num="7" count="25" type="stmt"/>
        <line num="8" count="25" type="stmt"/>
        <line num="9" count="25" type="stmt"/>
        <line num="10" count="25" type="stmt"/>
        <line num="11" count="25" type="cond" truecount="2" falsecount="0"/>
        <line num="12" count="25" type="cond" truecount="2" falsecount="0"/>
        <line num="13" count="25" type="cond" truecount="2" falsecount="0"/>
        <line num="14" count="25" type="cond" truecount="2" falsecount="0"/>
        <line num="15" count="25" type="cond" truecount="2" falsecount="0"/>
        <line num="16" count="25" type="cond" truecount="2" falsecount="0"/>
        <line num="17" count="25" type="cond" truecount="2" falsecount="0"/>
        <line num="18" count="25" type="cond" truecount="2" falsecount="0"/>
        <line num="19" count="25" type="cond" truecount="0" falsecount="1"/>
        <line num="20" count="25" type="stmt"/>
        <line num="21" count="25" type="stmt"/>
        <line num="22" count="25" type="stmt"/>
        <line num="23" count="25" type="stmt"/>
        <line num="24" count="2" type="cond" truecount="1" falsecount="0"/>
        <line num="25" count="2" type="cond" truecount="0" falsecount="1"/>
        <line num="26" count="2" type="stmt"/>
        <line num="27" count="2" type="stmt"/>
        <line num="28" count="25" type="cond" truecount="0" falsecount="1"/>
        <line num="29" count="0" type="stmt"/>
        <line num="30" count="25" type="stmt"/>
        <line num="31" count="2" type="cond" truecount="1" falsecount="0"/>
        <line num="32" count="2" type="stmt"/>
        <line num="33" count="2" type="stmt"/>
        <line num="34" count="2" type="stmt"/>
        <line num="35" count="25" type="cond" truecount="2" falsecount="0"/>
        <line num="36" count="25" type="cond" truecount="0" falsecount="2"/>
        <line num="37" count="25" type="cond" truecount="2" falsecount="0"/>
        <line num="38" count="2" type="stmt"/>
        <line num="39" count="25" type="cond" truecount="1" falsecount="0"/>
        <line num="40" count="4" type="stmt"/>
        <line num="41" count="25" type="stmt"/>
        <line num="42" count="25" type="stmt"/>
        <line num="43" count="8" type="cond" truecount="1" falsecount="0"/>
        <line num="44" count="8" type="cond" truecount="2" falsecount="0"/>
        <line num="45" count="8" type="stmt"/>
        <line num="46" count="8" type="stmt"/>
        <line num="47" count="25" type="cond" truecount="1" falsecount="0"/>
        <line num="48" count="2" type="stmt"/>
        <line num="49" count="25" type="stmt"/>
        <line num="50" count="4" type="cond" truecount="1" falsecount="0"/>
        <line num="51" count="4" type="stmt"/>
        <line num="52" count="4" type="stmt"/>
        <line num="53" count="4" type="stmt"/>
        <line num="54" count="25" type="cond" truecount="2" falsecount="0"/>
        <line num="55" count="25" type="cond" truecount="1" falsecount="1"/>
        <line num="56" count="25" type="cond" truecount="2" falsecount="0"/>
        <line num="57" count="8" type="stmt"/>
        <line num="58" count="25" type="cond" truecount="3" falsecount="0"/>
        <line num="59" count="18" type="stmt"/>
        <line num="60" count="25" type="stmt"/>
        <line num="61" count="25" type="stmt"/>
        <line num="62" count="7" type="cond" truecount="2" falsecount="0"/>
        <line num="63" count="7" type="stmt"/>
        <line num="64" count="7" type="stmt"/>
        <line num="65" count="25" type="stmt"/>
        <line num="66" count="13" type="cond" truecount="1" falsecount="0"/>
        <line num="67" count="13" type="cond" truecount="0" falsecount="1"/>
        <line num="68" count="13" type="stmt"/>
        <line num="69" count="13" type="stmt"/>
        <line num="70" count="25" type="cond" truecount="1" falsecount="0"/>
        <line num="71" count="2" type="stmt"/>
        <line num="72" count="25" type="stmt"/>
        <line num="73" count="15" type="cond" truecount="1" falsecount="0"/>
        <line num="74" count="15" type="cond" truecount="1" falsecount="0"/>
        <line num="75" count="15" type="stmt"/>
        <line num="76" count="15" type="stmt"/>
        <line num="77" count="25" type="cond" truecount="2" falsecount="0"/>
        <line num="78" count="25" type="cond" truecount="2" falsecount="0"/>
        <line num="79" count="25" type="cond" truecount="2" falsecount="0"/>
        <line num="80" count="3" type="stmt"/>
        <line num="81" count="25" type="stmt"/>
        <line num="82" count="25" type="stmt"/>
        <line num="83" count="25" type="stmt"/>
        <line num="84" count="25" type="stmt"/>
        <line num="85" count="25" type="stmt"/>
        <line num="86" count="1" type="stmt"/>
        <line num="87" count="1" type="stmt"/>
        <line num="88" count="1" type="stmt"/>
        <line num="89" count="1" type="stmt"/>
        <line num="90" count="1" type="stmt"/>
        <line num="91" count="1" type="stmt"/>
        <line num="92" count="1" type="stmt"/>
        <line num="93" count="1" type="stmt"/>
        <line num="94" count="1" type="stmt"/>
      </file>
    </package>
  </project>
</coverage>
