<?xml version="1.0" encoding="UTF-8"?>
<coverage generated="1662138013153" clover="3.2.0">
  <project timestamp="1662138013153" name="All files">
    <metrics statements="175" coveredstatements="173" conditionals="191" coveredconditionals="170" methods="12" coveredmethods="12" elements="378" coveredelements="355" complexity="0" loc="175" ncloc="175" packages="3" files="3" classes="3"/>
    <package name="number-to-words">
      <metrics statements="1" coveredstatements="1" conditionals="0" coveredconditionals="0" methods="0" coveredmethods="0"/>
      <file name="setupTests.js" path="/Users/apple/Sandor/Codecool/practices--jobhunt/assessment1_dina/number-to-words/setupTests.js">
        <metrics statements="1" coveredstatements="1" conditionals="0" coveredconditionals="0" methods="0" coveredmethods="0"/>
        <line num="1" count="1" type="stmt"/>
      </file>
    </package>
    <package name="number-to-words.src">
      <metrics statements="68" coveredstatements="67" conditionals="35" coveredconditionals="31" methods="10" coveredmethods="10"/>
      <file name="App.jsx" path="/Users/apple/Sandor/Codecool/practices--jobhunt/assessment1_dina/number-to-words/src/App.jsx">
        <metrics statements="68" coveredstatements="67" conditionals="35" coveredconditionals="31" methods="10" coveredmethods="10"/>
        <line num="1" count="1" type="stmt"/>
        <line num="2" count="1" type="stmt"/>
        <line num="3" count="1" type="stmt"/>
        <line num="4" count="1" type="stmt"/>
        <line num="5" count="84" type="cond" truecount="2" falsecount="0"/>
        <line num="6" count="84" type="stmt"/>
        <line num="7" count="84" type="stmt"/>
        <line num="8" count="84" type="stmt"/>
        <line num="9" count="84" type="stmt"/>
        <line num="10" count="84" type="cond" truecount="1" falsecount="0"/>
        <line num="11" count="62" type="stmt"/>
        <line num="12" count="62" type="cond" truecount="2" falsecount="0"/>
        <line num="13" count="2" type="cond" truecount="1" falsecount="0"/>
        <line num="14" count="2" type="stmt"/>
        <line num="15" count="58" type="stmt"/>
        <line num="16" count="62" type="cond" truecount="2" falsecount="0"/>
        <line num="17" count="45" type="cond" truecount="1" falsecount="0"/>
        <line num="18" count="45" type="cond" truecount="3" falsecount="0"/>
        <line num="19" count="45" type="cond" truecount="3" falsecount="1"/>
        <line num="20" count="45" type="cond" truecount="2" falsecount="0"/>
        <line num="21" count="45" type="cond" truecount="2" falsecount="2"/>
        <line num="22" count="0" type="stmt"/>
        <line num="23" count="45" type="cond" truecount="2" falsecount="0"/>
        <line num="24" count="1" type="cond" truecount="0" falsecount="1"/>
        <line num="25" count="1" type="stmt"/>
        <line num="26" count="1" type="cond" truecount="1" falsecount="0"/>
        <line num="27" count="1" type="stmt"/>
        <line num="28" count="1" type="stmt"/>
        <line num="29" count="84" type="cond" truecount="1" falsecount="0"/>
        <line num="30" count="4" type="stmt"/>
        <line num="31" count="4" type="stmt"/>
        <line num="32" count="4" type="stmt"/>
        <line num="33" count="4" type="stmt"/>
        <line num="34" count="4" type="stmt"/>
        <line num="35" count="84" type="stmt"/>
        <line num="36" count="84" type="stmt"/>
        <line num="37" count="84" type="stmt"/>
        <line num="38" count="84" type="stmt"/>
        <line num="39" count="65" type="stmt"/>
        <line num="40" count="65" type="cond" truecount="1" falsecount="0"/>
        <line num="41" count="65" type="stmt"/>
        <line num="42" count="65" type="cond" truecount="1" falsecount="0"/>
        <line num="43" count="65" type="stmt"/>
        <line num="44" count="65" type="cond" truecount="2" falsecount="0"/>
        <line num="45" count="65" type="stmt"/>
        <line num="46" count="65" type="stmt"/>
        <line num="47" count="65" type="cond" truecount="1" falsecount="0"/>
        <line num="48" count="1" type="cond" truecount="1" falsecount="0"/>
        <line num="49" count="1" type="cond" truecount="1" falsecount="0"/>
        <line num="50" count="1" type="stmt"/>
        <line num="51" count="65" type="stmt"/>
        <line num="52" count="65" type="stmt"/>
        <line num="53" count="65" type="stmt"/>
        <line num="54" count="65" type="stmt"/>
        <line num="55" count="65" type="cond" truecount="1" falsecount="0"/>
        <line num="56" count="4" type="stmt"/>
        <line num="57" count="65" type="stmt"/>
        <line num="58" count="65" type="stmt"/>
        <line num="59" count="65" type="stmt"/>
        <line num="60" count="65" type="stmt"/>
        <line num="61" count="65" type="stmt"/>
        <line num="62" count="65" type="stmt"/>
        <line num="63" count="65" type="stmt"/>
        <line num="64" count="65" type="stmt"/>
        <line num="65" count="65" type="stmt"/>
        <line num="66" count="65" type="stmt"/>
        <line num="67" count="65" type="stmt"/>
        <line num="68" count="1" type="stmt"/>
      </file>
    </package>
    <package name="number-to-words.src.utils">
      <metrics statements="106" coveredstatements="105" conditionals="156" coveredconditionals="139" methods="2" coveredmethods="2"/>
      <file name="convertLogic.js" path="/Users/apple/Sandor/Codecool/practices--jobhunt/assessment1_dina/number-to-words/src/utils/convertLogic.js">
        <metrics statements="106" coveredstatements="105" conditionals="156" coveredconditionals="139" methods="2" coveredmethods="2"/>
        <line num="1" count="1" type="stmt"/>
        <line num="2" count="1" type="stmt"/>
        <line num="3" count="1" type="stmt"/>
        <line num="4" count="1" type="stmt"/>
        <line num="5" count="1" type="cond" truecount="2" falsecount="0"/>
        <line num="6" count="25" type="stmt"/>
        <line num="7" count="25" type="stmt"/>
        <line num="8" count="25" type="stmt"/>
        <line num="9" count="25" type="stmt"/>
        <line num="10" count="25" type="cond" truecount="4" falsecount="0"/>
        <line num="11" count="25" type="cond" truecount="4" falsecount="0"/>
        <line num="12" count="25" type="cond" truecount="4" falsecount="0"/>
        <line num="13" count="25" type="cond" truecount="4" falsecount="0"/>
        <line num="14" count="25" type="cond" truecount="4" falsecount="0"/>
        <line num="15" count="25" type="cond" truecount="4" falsecount="0"/>
        <line num="16" count="25" type="cond" truecount="4" falsecount="0"/>
        <line num="17" count="25" type="cond" truecount="4" falsecount="0"/>
        <line num="18" count="25" type="cond" truecount="0" falsecount="2"/>
        <line num="19" count="25" type="stmt"/>
        <line num="20" count="25" type="stmt"/>
        <line num="21" count="25" type="stmt"/>
        <line num="22" count="25" type="cond" truecount="3" falsecount="0"/>
        <line num="23" count="2" type="stmt"/>
        <line num="24" count="2" type="cond" truecount="1" falsecount="1"/>
        <line num="25" count="25" type="cond" truecount="1" falsecount="1"/>
        <line num="26" count="0" type="cond" truecount="1" falsecount="0"/>
        <line num="27" count="25" type="cond" truecount="1" falsecount="1"/>
        <line num="28" count="2" type="stmt"/>
        <line num="29" count="2" type="stmt"/>
        <line num="30" count="2" type="cond" truecount="1" falsecount="0"/>
        <line num="31" count="25" type="cond" truecount="2" falsecount="0"/>
        <line num="32" count="25" type="stmt"/>
        <line num="33" count="2" type="cond" truecount="1" falsecount="0"/>
        <line num="34" count="25" type="cond" truecount="2" falsecount="1"/>
        <line num="35" count="25" type="cond" truecount="2" falsecount="1"/>
        <line num="36" count="25" type="cond" truecount="2" falsecount="2"/>
        <line num="37" count="25" type="stmt"/>
        <line num="38" count="25" type="stmt"/>
        <line num="39" count="25" type="cond" truecount="1" falsecount="0"/>
        <line num="40" count="25" type="stmt"/>
        <line num="41" count="25" type="stmt"/>
        <line num="42" count="25" type="cond" truecount="2" falsecount="0"/>
        <line num="43" count="8" type="stmt"/>
        <line num="44" count="8" type="cond" truecount="1" falsecount="0"/>
        <line num="45" count="25" type="cond" truecount="2" falsecount="1"/>
        <line num="46" count="25" type="stmt"/>
        <line num="47" count="25" type="stmt"/>
        <line num="48" count="25" type="cond" truecount="2" falsecount="1"/>
        <line num="49" count="25" type="stmt"/>
        <line num="50" count="25" type="cond" truecount="2" falsecount="0"/>
        <line num="51" count="4" type="cond" truecount="1" falsecount="0"/>
        <line num="52" count="25" type="stmt"/>
        <line num="53" count="25" type="stmt"/>
        <line num="54" count="25" type="stmt"/>
        <line num="55" count="25" type="cond" truecount="5" falsecount="0"/>
        <line num="56" count="25" type="cond" truecount="2" falsecount="3"/>
        <line num="57" count="25" type="cond" truecount="6" falsecount="0"/>
        <line num="58" count="25" type="stmt"/>
        <line num="59" count="25" type="cond" truecount="4" falsecount="0"/>
        <line num="60" count="15" type="stmt"/>
        <line num="61" count="15" type="cond" truecount="1" falsecount="0"/>
        <line num="62" count="25" type="cond" truecount="1" falsecount="0"/>
        <line num="63" count="25" type="cond" truecount="2" falsecount="0"/>
        <line num="64" count="25" type="cond" truecount="3" falsecount="0"/>
        <line num="65" count="13" type="cond" truecount="1" falsecount="0"/>
        <line num="66" count="13" type="stmt"/>
        <line num="67" count="13" type="cond" truecount="2" falsecount="0"/>
        <line num="68" count="13" type="stmt"/>
        <line num="69" count="13" type="cond" truecount="1" falsecount="1"/>
        <line num="70" count="25" type="cond" truecount="2" falsecount="0"/>
        <line num="71" count="25" type="cond" truecount="1" falsecount="0"/>
        <line num="72" count="15" type="stmt"/>
        <line num="73" count="15" type="stmt"/>
        <line num="74" count="25" type="cond" truecount="5" falsecount="0"/>
        <line num="75" count="25" type="cond" truecount="5" falsecount="1"/>
        <line num="76" count="25" type="cond" truecount="8" falsecount="0"/>
        <line num="77" count="3" type="stmt"/>
        <line num="78" count="19" type="cond" truecount="5" falsecount="0"/>
        <line num="79" count="10" type="stmt"/>
        <line num="80" count="13" type="cond" truecount="1" falsecount="0"/>
        <line num="81" count="13" type="stmt"/>
        <line num="82" count="5" type="cond" truecount="2" falsecount="0"/>
        <line num="83" count="5" type="stmt"/>
        <line num="84" count="5" type="stmt"/>
        <line num="85" count="13" type="cond" truecount="1" falsecount="0"/>
        <line num="86" count="6" type="cond" truecount="1" falsecount="0"/>
        <line num="87" count="6" type="cond" truecount="0" falsecount="1"/>
        <line num="88" count="6" type="stmt"/>
        <line num="89" count="6" type="stmt"/>
        <line num="90" count="19" type="cond" truecount="2" falsecount="0"/>
        <line num="91" count="1" type="stmt"/>
        <line num="92" count="13" type="cond" truecount="1" falsecount="0"/>
        <line num="93" count="7" type="cond" truecount="1" falsecount="0"/>
        <line num="94" count="7" type="cond" truecount="1" falsecount="0"/>
        <line num="95" count="7" type="stmt"/>
        <line num="96" count="7" type="stmt"/>
        <line num="97" count="19" type="cond" truecount="4" falsecount="0"/>
        <line num="98" count="19" type="cond" truecount="5" falsecount="0"/>
        <line num="99" count="19" type="cond" truecount="3" falsecount="0"/>
        <line num="100" count="1" type="stmt"/>
        <line num="101" count="13" type="cond" truecount="1" falsecount="0"/>
        <line num="102" count="13" type="stmt"/>
        <line num="103" count="13" type="stmt"/>
        <line num="104" count="13" type="stmt"/>
        <line num="105" count="19" type="stmt"/>
        <line num="106" count="1" type="stmt"/>
      </file>
    </package>
  </project>
</coverage>
